{"numFailedTestSuites":1,"numFailedTests":0,"numPassedTestSuites":3,"numPassedTests":9,"numPendingTestSuites":0,"numPendingTests":0,"numRuntimeErrorTestSuites":1,"numTodoTests":0,"numTotalTestSuites":4,"numTotalTests":9,"openHandles":[],"snapshot":{"added":0,"didUpdate":false,"failure":false,"filesAdded":0,"filesRemoved":0,"filesRemovedList":[],"filesUnmatched":0,"filesUpdated":0,"matched":0,"total":0,"unchecked":0,"uncheckedKeysByFile":[],"unmatched":0,"updated":0},"startTime":1753854572829,"success":false,"testResults":[{"assertionResults":[{"ancestorTitles":["PatientQueueDisplay"],"failureMessages":[],"fullName":"PatientQueueDisplay renders sorted queue, color codes status","location":null,"status":"passed","title":"renders sorted queue, color codes status"},{"ancestorTitles":["PatientQueueDisplay"],"failureMessages":[],"fullName":"PatientQueueDisplay shows loading/error state","location":null,"status":"passed","title":"shows loading/error state"},{"ancestorTitles":["PatientQueueDisplay"],"failureMessages":[],"fullName":"PatientQueueDisplay shows empty state","location":null,"status":"passed","title":"shows empty state"}],"endTime":1753854575606,"message":"","name":"/home/coder/project/workspace/question_generation_service/solutions/289d79e2-f746-4299-982b-f5d6a74d2d14/reactapp/src/components/PatientQueueDisplay.test.js","startTime":1753854573774,"status":"passed","summary":""},{"assertionResults":[{"ancestorTitles":["AddPatientToQueueForm"],"failureMessages":[],"fullName":"AddPatientToQueueForm renders fields and validates","location":null,"status":"passed","title":"renders fields and validates"},{"ancestorTitles":["AddPatientToQueueForm"],"failureMessages":[],"fullName":"AddPatientToQueueForm submits valid form","location":null,"status":"passed","title":"submits valid form"},{"ancestorTitles":["AddPatientToQueueForm"],"failureMessages":[],"fullName":"AddPatientToQueueForm shows api error","location":null,"status":"passed","title":"shows api error"}],"endTime":1753854575664,"message":"","name":"/home/coder/project/workspace/question_generation_service/solutions/289d79e2-f746-4299-982b-f5d6a74d2d14/reactapp/src/components/AddPatientToQueueForm.test.js","startTime":1753854573743,"status":"passed","summary":""},{"assertionResults":[],"coverage":{},"endTime":1753854575929,"message":"  ● Test suite failed to run\n\n    Jest encountered an unexpected token\n\n    Jest failed to parse a file. This happens e.g. when your code or its dependencies use non-standard JavaScript syntax, or when Jest is not configured to support such syntax.\n\n    Out of the box Jest supports Babel, which will be used to transform your files into valid JS based on your Babel configuration.\n\n    By default \"node_modules\" folder is ignored by transformers.\n\n    Here's what you can do:\n     • If you are trying to use ECMAScript Modules, see https://jestjs.io/docs/ecmascript-modules for how to enable it.\n     • If you are trying to use TypeScript, see https://jestjs.io/docs/getting-started#using-typescript\n     • To have some of your \"node_modules\" files transformed, you can specify a custom \"transformIgnorePatterns\" in your config.\n     • If you need a custom transformation specify a \"transform\" option in your config.\n     • If you simply want to mock your non-JS modules (e.g. binary assets) you can stub them out with the \"moduleNameMapper\" config option.\n\n    You'll find more details and examples of these config options in the docs:\n    https://jestjs.io/docs/configuration\n    For information about custom transformations, see:\n    https://jestjs.io/docs/code-transformation\n\n    Details:\n\n    /home/coder/project/workspace/question_generation_service/solutions/289d79e2-f746-4299-982b-f5d6a74d2d14/reactapp/node_modules/axios/index.js:1\n    ({\"Object.<anonymous>\":function(module,exports,require,__dirname,__filename,jest){import axios from './lib/axios.js';\n                                                                                      ^^^^^^\n\n    SyntaxError: Cannot use import statement outside a module\n\n    > 1 | import axios from 'axios';\n        | ^\n      2 |\n      3 | const BASE_URL = 'http://localhost:8080';\n      4 |\n\n      at Runtime.createScriptFromCode (node_modules/jest-runtime/build/index.js:1728:14)\n      at Object.<anonymous> (src/utils/api.js:1:1)\n      at Object.<anonymous> (src/App.js:6:1)\n      at Object.<anonymous> (src/App.test.js:3:1)\n","name":"/home/coder/project/workspace/question_generation_service/solutions/289d79e2-f746-4299-982b-f5d6a74d2d14/reactapp/src/App.test.js","startTime":1753854575929,"status":"failed","summary":""},{"assertionResults":[{"ancestorTitles":["DoctorView"],"failureMessages":[],"fullName":"DoctorView renders with doctor selection and empty state","location":null,"status":"passed","title":"renders with doctor selection and empty state"},{"ancestorTitles":["DoctorView"],"failureMessages":[],"fullName":"DoctorView shows doctor queue and action buttons","location":null,"status":"passed","title":"shows doctor queue and action buttons"},{"ancestorTitles":["DoctorView"],"failureMessages":[],"fullName":"DoctorView shows loading/error","location":null,"status":"passed","title":"shows loading/error"}],"endTime":1753854575879,"message":"","name":"/home/coder/project/workspace/question_generation_service/solutions/289d79e2-f746-4299-982b-f5d6a74d2d14/reactapp/src/components/DoctorView.test.js","startTime":1753854573984,"status":"passed","summary":""}],"wasInterrupted":false}